C:\USERS\STUDENT\DESKTOP\SVM2\DEBUG\SVM2.EXE
C:\USERS\STUDENT\DESKTOP\SVM2\DEBUG\SVM2.ILK
C:\USERS\STUDENT\DESKTOP\SVM2\DEBUG\SVM2.PDB
C:\USERS\STUDENT\DESKTOP\SVM2\SVM2\DEBUG\SVM2.EXE.EMBED.MANIFEST
C:\USERS\STUDENT\DESKTOP\SVM2\SVM2\DEBUG\SVM2.EXE.EMBED.MANIFEST.RES
C:\USERS\STUDENT\DESKTOP\SVM2\SVM2\DEBUG\SVM2.EXE.INTERMEDIATE.MANIFEST
C:\USERS\STUDENT\DOWNLOADS\SVM2 (1)\DEBUG\SVM2.EXE
C:\USERS\STUDENT\DOWNLOADS\SVM2 (1)\DEBUG\SVM2.ILK
C:\USERS\STUDENT\DOWNLOADS\SVM2 (1)\DEBUG\SVM2.PDB
C:\Users\Student\Downloads\SVM2 (1)\SVM2\Debug\kernel.cu.cache
C:\Users\Student\Downloads\SVM2 (1)\SVM2\Debug\kernel.cu.obj
C:\Users\Student\Downloads\SVM2 (1)\SVM2\Debug\link.1100.read.1.tlog
C:\Users\Student\Downloads\SVM2 (1)\SVM2\Debug\link.1100.write.1.tlog
C:\Users\Student\Downloads\SVM2 (1)\SVM2\Debug\link.1100-cvtres.read.1.tlog
C:\Users\Student\Downloads\SVM2 (1)\SVM2\Debug\link.1100-cvtres.write.1.tlog
C:\Users\Student\Downloads\SVM2 (1)\SVM2\Debug\link.command.1.tlog
C:\Users\Student\Downloads\SVM2 (1)\SVM2\Debug\link.read.1.tlog
C:\Users\Student\Downloads\SVM2 (1)\SVM2\Debug\link.write.1.tlog
C:\Users\Student\Downloads\SVM2 (1)\SVM2\Debug\link-cvtres.read.1.tlog
C:\Users\Student\Downloads\SVM2 (1)\SVM2\Debug\link-cvtres.write.1.tlog
C:\Users\Student\Downloads\SVM2 (1)\SVM2\Debug\mt.command.1.tlog
C:\Users\Student\Downloads\SVM2 (1)\SVM2\Debug\mt.read.1.tlog
C:\Users\Student\Downloads\SVM2 (1)\SVM2\Debug\mt.write.1.tlog
C:\Users\Student\Downloads\SVM2 (1)\SVM2\Debug\rc.command.1.tlog
C:\Users\Student\Downloads\SVM2 (1)\SVM2\Debug\rc.read.1.tlog
C:\Users\Student\Downloads\SVM2 (1)\SVM2\Debug\rc.write.1.tlog
C:\Users\Student\Downloads\SVM2 (1)\SVM2\Debug\SVM2.exe.embed.manifest
C:\USERS\STUDENT\DOWNLOADS\SVM2 (1)\SVM2\DEBUG\SVM2.EXE.EMBED.MANIFEST.RES
C:\USERS\STUDENT\DOWNLOADS\SVM2 (1)\SVM2\DEBUG\SVM2.EXE.INTERMEDIATE.MANIFEST
C:\Users\Student\Downloads\SVM2 (1)\SVM2\Debug\SVM2_manifest.rc
